<?xml version="1.0" encoding="UTF-8"?>
<!-- Generated by org.testng.reporters.JUnitXMLReporter -->
<testsuite hostname="DESKTOP-D1LENOH" name="Default test" tests="5" failures="0" timestamp="14 Sep 2023 09:41:21 GMT" time="45.514" errors="0">
  <testcase name="Testcase" time="8.148" classname="Maven_Testng.TestNG_IFSM.NewTest"/>
  <testcase name="Testcase1" time="3.49" classname="Maven_Testng.TestNG_IFSM.NewTest"/>
  <testcase name="Testcase2" time="3.315" classname="Maven_Testng.TestNG_IFSM.NewTest"/>
  <testcase name="Testcase3" time="15.939" classname="Maven_Testng.TestNG_IFSM.NewTest"/>
  <testcase name="Testcase4" time="6.347" classname="Maven_Testng.TestNG_IFSM.NewTest"/>
</testsuite> <!-- Default test -->
